{"/home/giulia/LG-Game/components/app/app.js": {"path":"/home/giulia/LG-Game/components/app/app.js","statementMap":{"0":{"start":{"line":12,"column":8},"end":{"line":17,"column":9}}},"fnMap":{"0":{"name":"(anonymous_0)","decl":{"start":{"line":11,"column":4},"end":{"line":11,"column":5}},"loc":{"start":{"line":11,"column":13},"end":{"line":18,"column":5}},"line":11}},"branchMap":{},"s":{"0":0},"f":{"0":0},"b":{},"_coverageSchema":"332fd63041d2c1bcb487cc26dd0d5f7d97098a6c","hash":"007fb167e67a96870af331a24d6a034c9183ad3d"}
,"/home/giulia/LG-Game/components/hint/hint.js": {"path":"/home/giulia/LG-Game/components/hint/hint.js","statementMap":{"0":{"start":{"line":3,"column":13},"end":{"line":3,"column":69}},"1":{"start":{"line":3,"column":22},"end":{"line":3,"column":69}}},"fnMap":{"0":{"name":"(anonymous_0)","decl":{"start":{"line":3,"column":13},"end":{"line":3,"column":14}},"loc":{"start":{"line":3,"column":22},"end":{"line":3,"column":69}},"line":3}},"branchMap":{},"s":{"0":1,"1":0},"f":{"0":0},"b":{},"_coverageSchema":"332fd63041d2c1bcb487cc26dd0d5f7d97098a6c","hash":"e3e997870ed8761d0863920eb997b5f744ad83a2"}
,"/home/giulia/LG-Game/components/title/title.js": {"path":"/home/giulia/LG-Game/components/title/title.js","statementMap":{"0":{"start":{"line":3,"column":14},"end":{"line":3,"column":43}},"1":{"start":{"line":3,"column":20},"end":{"line":3,"column":43}}},"fnMap":{"0":{"name":"(anonymous_0)","decl":{"start":{"line":3,"column":14},"end":{"line":3,"column":15}},"loc":{"start":{"line":3,"column":20},"end":{"line":3,"column":43}},"line":3}},"branchMap":{},"s":{"0":1,"1":0},"f":{"0":0},"b":{},"_coverageSchema":"332fd63041d2c1bcb487cc26dd0d5f7d97098a6c","hash":"0d9e63595b658680a186c02f697914795ab469c8"}
}
